<?xml version="1.0" encoding="UTF-8"?>
<!-- Generated by org.testng.reporters.JUnitXMLReporter -->
<testsuite ignored="0" hostname="Kritika" failures="1" tests="4" name="TC_001_Logintest" time="61.791" errors="0" timestamp="10 Jun 2024 04:21:47 GMT">
  <testcase classname="testcCases.TC_LOGIN_DDT_002" name="DDT" time="17.129"/>
  <testcase classname="testcCases.TC_LOGIN_DDT_002" name="DDT" time="7.959">
    <failure type="java.lang.AssertionError" message="expected [true] but found [false]">
      <![CDATA[java.lang.AssertionError: expected [true] but found [false]
	at testcCases.TC_LOGIN_DDT_002.DDT(TC_LOGIN_DDT_002.java:26)
... Removed 29 stack frames]]>
    </failure>
  </testcase> <!-- DDT -->
  <testcase classname="testcCases.TC_LOGIN_DDT_002" name="DDT" time="13.886"/>
  <testcase classname="testcCases.TC_LOGIN_DDT_002" name="DDT" time="15.254"/>
</testsuite> <!-- TC_001_Logintest -->
