<?xml version="1.0" encoding="UTF-8"?>
<!-- Generated by org.testng.reporters.JUnitXMLReporter -->
<testsuite ignored="0" hostname="Kritika" failures="1" tests="1" name="TC_001_Logintest" time="27.357" errors="0" timestamp="16 Jun 2024 18:38:46 GMT">
  <testcase classname="testcCases.TC_AddCutomertest" name="addcust" time="22.841">
    <failure type="java.lang.AssertionError" message="expected [true] but found [false]">
      <![CDATA[java.lang.AssertionError: expected [true] but found [false]
	at testcCases.TC_AddCutomertest.addcust(TC_AddCutomertest.java:44)
... Removed 29 stack frames]]>
    </failure>
  </testcase> <!-- addcust -->
</testsuite> <!-- TC_001_Logintest -->
